<?xml version="1.0" encoding="UTF-8"?>
<!-- Generated by org.testng.reporters.JUnitReportReporter -->
<testsuite hostname="Techpath-sdet" failures="0" tests="1" name="com.techpath.runners.TestRunner" time="19.415" errors="0" timestamp="08 Sep 2019 01:12:21 GMT" skipped="0">
  <testcase classname="com.techpath.runners.TestRunner" name="feature" time="19.415"/>
</testsuite> <!-- com.techpath.runners.TestRunner -->
