<?xml version="1.0" encoding="UTF-8"?>
<!-- Generated by org.testng.reporters.JUnitReportReporter -->
<testsuite hostname="Techpath-sdet" failures="0" tests="2" name="com.techpath.testcases.HomePageTest" time="2.682" errors="0" timestamp="07 Sep 2019 14:19:17 GMT" skipped="0">
  <testcase classname="com.techpath.testcases.HomePageTest" name="test2" time="1.004"/>
  <testcase classname="com.techpath.testcases.HomePageTest" name="test1" time="1.678"/>
</testsuite> <!-- com.techpath.testcases.HomePageTest -->
