<?xml version="1.0" encoding="UTF-8"?>
<!-- Generated by org.testng.reporters.JUnitReportReporter -->
<testsuite hostname="Techpath-sdet" failures="0" tests="2" name="com.techpath.testcases.Camera" time="6.846" errors="0" timestamp="07 Sep 2019 19:51:00 GMT" skipped="0">
  <testcase classname="com.techpath.testcases.Camera" name="test1" time="0.022"/>
  <testcase classname="com.techpath.testcases.Camera" name="test2" time="6.824"/>
</testsuite> <!-- com.techpath.testcases.Camera -->
