<?xml version="1.0" encoding="UTF-8"?>
<!-- Generated by org.testng.reporters.JUnitReportReporter -->
<testsuite hostname="Techpath-sdet" failures="0" tests="2" name="com.techpath.testcases.HomePageTest" time="0.848" errors="0" timestamp="07 Sep 2019 23:38:05 GMT" skipped="0">
  <testcase classname="com.techpath.testcases.HomePageTest" name="test2" time="0.834"/>
  <testcase classname="com.techpath.testcases.HomePageTest" name="test1" time="0.014"/>
</testsuite> <!-- com.techpath.testcases.HomePageTest -->
